observability_instrumentation.py:21: error: Unused "type: ignore" comment  [unused-ignore]
observability_instrumentation.py:90: error: Unused "type: ignore" comment  [unused-ignore]
observability_instrumentation.py:109: error: Unused "type: ignore" comment  [unused-ignore]
observability_instrumentation.py:115: error: Unused "type: ignore" comment  [unused-ignore]
observability_instrumentation.py:132: error: Unused "type: ignore" comment  [unused-ignore]
observability_instrumentation.py:154: error: Unused "type: ignore" comment  [unused-ignore]
observability_instrumentation.py:172: error: Unused "type: ignore" comment  [unused-ignore]
observability_instrumentation.py:178: error: Unused "type: ignore" comment  [unused-ignore]
observability_instrumentation.py:193: error: Unused "type: ignore" comment  [unused-ignore]
conftest.py:35: error: Unused "type: ignore" comment  [unused-ignore]
conftest.py:44: error: Unused "type: ignore" comment  [unused-ignore]
conftest.py:77: error: Unused "type: ignore" comment  [unused-ignore]
conftest.py:82: error: Unused "type: ignore" comment  [unused-ignore]
conftest.py:84: error: Unused "type: ignore" comment  [unused-ignore]
conftest.py:88: error: Unused "type: ignore" comment  [unused-ignore]
conftest.py:89: error: Unused "type: ignore" comment  [unused-ignore]
conftest.py:90: error: Unused "type: ignore" comment  [unused-ignore]
conftest.py:106: error: Statement is unreachable  [unreachable]
reminders/validators.py:13: error: Statement is unreachable  [unreachable]
docs/check_doc_coverage.py:46: error: Need type annotation for "results"  [var-annotated]
docs/check_doc_coverage.py:93: error: Incompatible default for argument "exclude_dirs" (default has type "None", argument has type "list[str]")  [assignment]
docs/check_doc_coverage.py:93: note: PEP 484 prohibits implicit Optional. Accordingly, mypy has changed its default to no_implicit_optional=True
docs/check_doc_coverage.py:93: note: Use https://github.com/hauntsaninja/no_implicit_optional to automatically upgrade your codebase
docs/check_doc_coverage.py:105: error: Statement is unreachable  [unreachable]
docs/check_doc_coverage.py:147: error: Unsupported operand types for < ("int" and "object")  [operator]
docs/check_doc_coverage.py:148: error: Unsupported left operand type for / ("object")  [operator]
docs/check_doc_coverage.py:152: error: Unsupported operand types for < ("int" and "object")  [operator]
docs/check_doc_coverage.py:153: error: Unsupported left operand type for / ("object")  [operator]
docs/check_doc_coverage.py:157: error: Unsupported operand types for < ("int" and "object")  [operator]
docs/check_doc_coverage.py:158: error: Unsupported left operand type for / ("object")  [operator]
docs/check_doc_coverage.py:162: error: Unsupported left operand type for + ("object")  [operator]
docs/check_doc_coverage.py:163: error: Unsupported left operand type for + ("object")  [operator]
chatops/permissions.py:77: error: Unused "type: ignore" comment  [unused-ignore]
chatops/permissions.py:97: error: Unused "type: ignore" comment  [unused-ignore]
config.py:305: note: By default the bodies of untyped functions are not checked, consider using --check-untyped-defs  [annotation-unchecked]
config.py:306: note: By default the bodies of untyped functions are not checked, consider using --check-untyped-defs  [annotation-unchecked]
config.py:344: note: By default the bodies of untyped functions are not checked, consider using --check-untyped-defs  [annotation-unchecked]
config.py:345: note: By default the bodies of untyped functions are not checked, consider using --check-untyped-defs  [annotation-unchecked]
monitoring/silences.py:39: error: Unused "type: ignore" comment  [unused-ignore]
monitoring/silences.py:40: error: Unused "type: ignore" comment  [unused-ignore]
monitoring/silences.py:53: error: Unused "type: ignore" comment  [unused-ignore]
monitoring/silences.py:91: error: Unused "type: ignore" comment  [unused-ignore]
monitoring/silences.py:95: error: Unused "type: ignore" comment  [unused-ignore]
monitoring/silences.py:99: error: Unused "type: ignore" comment  [unused-ignore]
monitoring/silences.py:103: error: Unused "type: ignore" comment  [unused-ignore]
monitoring/silences.py:179: error: Unused "type: ignore" comment  [unused-ignore]
monitoring/silences.py:205: error: Unused "type: ignore" comment  [unused-ignore]
monitoring/silences.py:216: error: Unused "type: ignore" comment  [unused-ignore]
monitoring/silences.py:262: error: Unused "type: ignore" comment  [unused-ignore]
monitoring/silences.py:278: error: Unused "type: ignore" comment  [unused-ignore]
monitoring/error_signatures.py:11: error: Unused "type: ignore" comment  [unused-ignore]
monitoring/error_signatures.py:54: error: Unused "type: ignore" comment  [unused-ignore]
monitoring/alerts_storage.py:44: error: Unused "type: ignore" comment  [unused-ignore]
monitoring/alerts_storage.py:45: error: Unused "type: ignore" comment  [unused-ignore]
monitoring/alerts_storage.py:60: error: Unused "type: ignore" comment  [unused-ignore]
monitoring/alerts_storage.py:61: error: Unused "type: ignore" comment  [unused-ignore]
monitoring/alerts_storage.py:99: error: Unused "type: ignore" comment  [unused-ignore]
monitoring/alerts_storage.py:103: error: Unused "type: ignore" comment  [unused-ignore]
monitoring/alerts_storage.py:162: error: Unused "type: ignore" comment  [unused-ignore]
monitoring/alerts_storage.py:166: error: Unused "type: ignore" comment  [unused-ignore]
monitoring/alerts_storage.py:181: error: Unused "type: ignore" comment  [unused-ignore]
monitoring/alerts_storage.py:183: error: Unused "type: ignore" comment  [unused-ignore]
monitoring/alerts_storage.py:213: error: Unused "type: ignore" comment  [unused-ignore]
monitoring/alerts_storage.py:214: error: Unused "type: ignore" comment  [unused-ignore]
monitoring/alerts_storage.py:215: error: Unused "type: ignore" comment  [unused-ignore]
monitoring/alerts_storage.py:221: error: Unused "type: ignore" comment  [unused-ignore]
refactoring_engine.py:108: error: Argument 1 to "walk" has incompatible type "AST | None"; expected "AST"  [arg-type]
refactoring_engine.py:118: error: Argument 1 to "walk" has incompatible type "AST | None"; expected "AST"  [arg-type]
refactoring_engine.py:124: error: Argument 1 to "walk" has incompatible type "AST | None"; expected "AST"  [arg-type]
refactoring_engine.py:130: error: Item "AST" of "AST | None" has no attribute "body"  [union-attr]
refactoring_engine.py:130: error: Item "None" of "AST | None" has no attribute "body"  [union-attr]
refactoring_engine.py:203: error: Argument 1 to "walk" has incompatible type "AST | None"; expected "AST"  [arg-type]
refactoring_engine.py:259: error: Statement is unreachable  [unreachable]
refactoring_engine.py:274: error: Item "None" of "CodeAnalyzer | None" has no attribute "filename"  [union-attr]
refactoring_engine.py:279: error: Item "None" of "CodeAnalyzer | None" has no attribute "imports"  [union-attr]
refactoring_engine.py:285: error: Item "None" of "CodeAnalyzer | None" has no attribute "imports"  [union-attr]
refactoring_engine.py:300: error: Item "None" of "CodeAnalyzer | None" has no attribute "classes"  [union-attr]
refactoring_engine.py:300: error: Item "None" of "CodeAnalyzer | None" has no attribute "functions"  [union-attr]
refactoring_engine.py:302: error: Item "None" of "CodeAnalyzer | None" has no attribute "filename"  [union-attr]
refactoring_engine.py:308: error: Item "None" of "CodeAnalyzer | None" has no attribute "global_vars"  [union-attr]
refactoring_engine.py:310: error: Item "None" of "CodeAnalyzer | None" has no attribute "global_vars"  [union-attr]
refactoring_engine.py:314: error: Item "None" of "CodeAnalyzer | None" has no attribute "filename"  [union-attr]
refactoring_engine.py:324: error: Item "None" of "CodeAnalyzer | None" has no attribute "functions"  [union-attr]
refactoring_engine.py:340: error: Item "None" of "CodeAnalyzer | None" has no attribute "functions"  [union-attr]
refactoring_engine.py:346: error: Item "None" of "CodeAnalyzer | None" has no attribute "functions"  [union-attr]
refactoring_engine.py:364: error: Item "None" of "CodeAnalyzer | None" has no attribute "functions"  [union-attr]
refactoring_engine.py:366: error: Item "None" of "CodeAnalyzer | None" has no attribute "functions"  [union-attr]
refactoring_engine.py:374: error: Item "None" of "CodeAnalyzer | None" has no attribute "imports"  [union-attr]
refactoring_engine.py:401: error: Item "None" of "CodeAnalyzer | None" has no attribute "filename"  [union-attr]
refactoring_engine.py:402: error: Item "None" of "CodeAnalyzer | None" has no attribute "filename"  [union-attr]
refactoring_engine.py:412: error: Item "None" of "CodeAnalyzer | None" has no attribute "filename"  [union-attr]
refactoring_engine.py:425: error: Unused "type: ignore" comment  [unused-ignore]
refactoring_engine.py:425: error: Item "None" of "CodeAnalyzer | None" has no attribute "code"  [union-attr]
refactoring_engine.py:425: note: Error code "union-attr" not covered by "type: ignore" comment
refactoring_engine.py:431: error: Item "None" of "CodeAnalyzer | None" has no attribute "functions"  [union-attr]
refactoring_engine.py:448: error: Item "None" of "CodeAnalyzer | None" has no attribute "functions"  [union-attr]
refactoring_engine.py:456: error: Item "None" of "CodeAnalyzer | None" has no attribute "filename"  [union-attr]
refactoring_engine.py:472: error: Item "None" of "CodeAnalyzer | None" has no attribute "imports"  [union-attr]
database/bookmarks_manager.py:157: error: Statement is unreachable  [unreachable]
database/bookmarks_manager.py:718: error: Incompatible default for argument "file_id" (default has type "None", argument has type "str")  [assignment]
database/bookmarks_manager.py:718: note: PEP 484 prohibits implicit Optional. Accordingly, mypy has changed its default to no_implicit_optional=True
database/bookmarks_manager.py:718: note: Use https://github.com/hauntsaninja/no_implicit_optional to automatically upgrade your codebase
database/bookmarks_manager.py:719: error: Incompatible default for argument "line_number" (default has type "None", argument has type "int")  [assignment]
database/bookmarks_manager.py:719: note: PEP 484 prohibits implicit Optional. Accordingly, mypy has changed its default to no_implicit_optional=True
database/bookmarks_manager.py:719: note: Use https://github.com/hauntsaninja/no_implicit_optional to automatically upgrade your codebase
database/bookmarks_manager.py:720: error: Incompatible default for argument "metadata" (default has type "None", argument has type "dict[str, Any]")  [assignment]
database/bookmarks_manager.py:720: note: PEP 484 prohibits implicit Optional. Accordingly, mypy has changed its default to no_implicit_optional=True
database/bookmarks_manager.py:720: note: Use https://github.com/hauntsaninja/no_implicit_optional to automatically upgrade your codebase
tools/analyze_queries.py:21: error: Unused "type: ignore" comment  [unused-ignore]
tools/analyze_queries.py:23: error: Unused "type: ignore" comment  [unused-ignore]
chatops/ratelimit.py:66: error: Unused "type: ignore" comment  [unused-ignore]
utils.py:40: error: Library stubs not installed for "aiofiles"  [import-untyped]
utils.py:40: note: Hint: "python3 -m pip install types-aiofiles"
utils.py:49: error: Unused "type: ignore" comment  [unused-ignore]
utils.py:1293: error: Statement is unreachable  [unreachable]
observability.py:27: error: Unused "type: ignore" comment  [unused-ignore]
observability.py:29: error: Unused "type: ignore" comment  [unused-ignore]
observability.py:85: error: Unused "type: ignore" comment  [unused-ignore]
observability.py:87: error: Unused "type: ignore" comment  [unused-ignore]
observability.py:182: error: Unused "type: ignore" comment  [unused-ignore]
observability.py:187: error: Unused "type: ignore" comment  [unused-ignore]
observability.py:190: error: Unused "type: ignore" comment  [unused-ignore]
observability.py:234: error: Unused "type: ignore" comment  [unused-ignore]
observability.py:277: error: Unused "type: ignore" comment  [unused-ignore]
observability.py:292: error: Unused "type: ignore" comment  [unused-ignore]
observability.py:440: error: Unused "type: ignore" comment  [unused-ignore]
observability.py:442: error: Unused "type: ignore" comment  [unused-ignore]
observability.py:453: error: Unused "type: ignore" comment  [unused-ignore]
observability.py:456: error: Unused "type: ignore" comment  [unused-ignore]
observability.py:478: error: Unused "type: ignore" comment  [unused-ignore]
observability.py:479: error: Unused "type: ignore" comment  [unused-ignore]
observability.py:489: error: Unused "type: ignore" comment  [unused-ignore]
observability.py:490: error: Unused "type: ignore" comment  [unused-ignore]
observability.py:492: error: Unused "type: ignore" comment  [unused-ignore]
observability.py:517: error: Unused "type: ignore" comment  [unused-ignore]
observability.py:518: error: Unused "type: ignore" comment  [unused-ignore]
observability.py:689: error: Unused "type: ignore" comment  [unused-ignore]
http_sync.py:9: error: Library stubs not installed for "requests"  [import-untyped]
http_sync.py:10: error: Library stubs not installed for "requests.adapters"  [import-untyped]
http_sync.py:14: error: Unused "type: ignore" comment  [unused-ignore]
http_sync.py:16: error: Unused "type: ignore" comment  [unused-ignore]
http_sync.py:74: error: Unused "type: ignore" comment  [unused-ignore]
http_sync.py:137: error: Unused "type: ignore" comment  [unused-ignore]
http_sync.py:145: error: Unused "type: ignore" comment  [unused-ignore]
http_async.py:7: error: Unused "type: ignore" comment  [unused-ignore]
http_async.py:9: error: Unused "type: ignore" comment  [unused-ignore]
http_async.py:11: error: Unused "type: ignore" comment  [unused-ignore]
http_async.py:18: error: Argument 1 to "int" has incompatible type "str | None"; expected "str | Buffer | SupportsInt | SupportsIndex | SupportsTrunc"  [arg-type]
http_async.py:23: error: Unused "type: ignore" comment  [unused-ignore]
http_async.py:37: error: Unused "type: ignore" comment  [unused-ignore]
http_async.py:63: error: Unused "type: ignore" comment  [unused-ignore]
http_async.py:82: error: Unused "type: ignore" comment  [unused-ignore]
http_async.py:95: error: Unused "type: ignore" comment  [unused-ignore]
http_async.py:103: error: Unused "type: ignore" comment  [unused-ignore]
http_async.py:109: error: Unused "type: ignore" comment  [unused-ignore]
http_async.py:114: error: Unused "type: ignore" comment  [unused-ignore]
http_async.py:123: error: Unused "type: ignore" comment  [unused-ignore]
http_async.py:127: error: Unused "type: ignore" comment  [unused-ignore]
http_async.py:135: error: Unused "type: ignore" comment  [unused-ignore]
http_async.py:154: error: Unused "type: ignore" comment  [unused-ignore]
http_async.py:156: error: Unused "type: ignore" comment  [unused-ignore]
monitoring/log_analyzer.py:17: error: Unused "type: ignore" comment  [unused-ignore]
monitoring/log_analyzer.py:50: error: Function "builtins.callable" is not valid as a type  [valid-type]
monitoring/log_analyzer.py:50: note: Perhaps you meant "typing.Callable" instead of "callable"?
monitoring/log_analyzer.py:83: error: Unused "type: ignore" comment  [unused-ignore]
monitoring/log_analyzer.py:183: error: Unused "type: ignore" comment  [unused-ignore]
monitoring/log_analyzer.py:198: error: Unused "type: ignore" comment  [unused-ignore]
alert_manager.py:26: error: Unused "type: ignore" comment  [unused-ignore]
alert_manager.py:31: error: Unused "type: ignore" comment  [unused-ignore]
alert_manager.py:189: error: Unused "type: ignore" comment  [unused-ignore]
alert_manager.py:328: error: Unused "type: ignore" comment  [unused-ignore]
alert_manager.py:346: error: Unused "type: ignore" comment  [unused-ignore]
alert_manager.py:357: error: Statement is unreachable  [unreachable]
alert_manager.py:384: error: Unused "type: ignore" comment  [unused-ignore]
alert_manager.py:391: error: Unused "type: ignore" comment  [unused-ignore]
alert_manager.py:426: error: Unused "type: ignore" comment  [unused-ignore]
alert_forwarder.py:19: error: Unused "type: ignore" comment  [unused-ignore]
alert_forwarder.py:25: error: Unused "type: ignore" comment  [unused-ignore]
alert_forwarder.py:28: error: Unused "type: ignore" comment  [unused-ignore]
alert_forwarder.py:57: error: Unused "type: ignore" comment  [unused-ignore]
alert_forwarder.py:120: error: Statement is unreachable  [unreachable]
alert_forwarder.py:139: error: Unused "type: ignore" comment  [unused-ignore]
monitoring/metrics_storage.py:30: error: Unused "type: ignore" comment  [unused-ignore]
monitoring/metrics_storage.py:32: error: Unused "type: ignore" comment  [unused-ignore]
monitoring/metrics_storage.py:47: error: Unused "type: ignore" comment  [unused-ignore]
monitoring/metrics_storage.py:48: error: Unused "type: ignore" comment  [unused-ignore]
monitoring/metrics_storage.py:73: error: Unused "type: ignore" comment  [unused-ignore]
monitoring/metrics_storage.py:127: error: Need type annotation for "items" (hint: "items: list[<type>] = ...")  [var-annotated]
monitoring/metrics_storage.py:134: error: Unused "type: ignore" comment  [unused-ignore]
monitoring/metrics_storage.py:193: error: Statement is unreachable  [unreachable]
database/manager.py:14: error: Name "MongoClient" already defined (possibly by an import)  [no-redef]
database/manager.py:29: error: Name "IndexModel" already defined (possibly by an import)  [no-redef]
database/manager.py:109: error: All conditional function variants must have identical signatures  [misc]
database/manager.py:109: note: Original:
database/manager.py:109: note:     def emit_event(event: str, severity: str = ..., **fields: Any) -> None
database/manager.py:109: note: Redefinition:
database/manager.py:109: note:     def emit_event(event: str, severity: str = ..., **fields: Any) -> Any
database/manager.py:176: note: By default the bodies of untyped functions are not checked, consider using --check-untyped-defs  [annotation-unchecked]
database/manager.py:212: error: Unused "type: ignore" comment  [unused-ignore]
database/manager.py:213: error: Unused "type: ignore" comment  [unused-ignore]
database/manager.py:217: error: Unused "type: ignore" comment  [unused-ignore]
database/manager.py:237: error: Unused "type: ignore" comment  [unused-ignore]
database/manager.py:240: error: Unused "type: ignore" comment  [unused-ignore]
database/manager.py:405: error: Unused "type: ignore" comment  [unused-ignore]
database/manager.py:412: error: Unused "type: ignore" comment  [unused-ignore]
database/manager.py:457: error: Unused "type: ignore" comment  [unused-ignore]
database/manager.py:462: error: Unused "type: ignore" comment  [unused-ignore]
database/manager.py:474: error: Unused "type: ignore" comment  [unused-ignore]
database/manager.py:476: error: Unused "type: ignore" comment  [unused-ignore]
database/manager.py:489: error: Unused "type: ignore" comment  [unused-ignore]
database/manager.py:502: error: Unused "type: ignore" comment  [unused-ignore]
remediation_manager.py:27: error: Unused "type: ignore" comment  [unused-ignore]
remediation_manager.py:36: error: Unused "type: ignore" comment  [unused-ignore]
remediation_manager.py:66: error: Unused "type: ignore" comment  [unused-ignore]
remediation_manager.py:228: error: Unused "type: ignore" comment  [unused-ignore]
remediation_manager.py:229: error: Unused "type: ignore" comment  [unused-ignore]
remediation_manager.py:287: error: Unused "type: ignore" comment  [unused-ignore]
remediation_manager.py:309: error: Unused "type: ignore" comment  [unused-ignore]
remediation_manager.py:318: error: Unused "type: ignore" comment  [unused-ignore]
remediation_manager.py:325: error: Unused "type: ignore" comment  [unused-ignore]
metrics.py:15: error: Unused "type: ignore" comment  [unused-ignore]
metrics.py:25: error: Unused "type: ignore" comment  [unused-ignore]
metrics.py:29: error: Unused "type: ignore" comment  [unused-ignore]
metrics.py:34: error: Unused "type: ignore" comment  [unused-ignore]
metrics.py:36: error: Unused "type: ignore" comment  [unused-ignore]
metrics.py:42: error: Unused "type: ignore" comment  [unused-ignore]
metrics.py:43: error: Unused "type: ignore" comment  [unused-ignore]
metrics.py:45: error: Unused "type: ignore" comment  [unused-ignore]
metrics.py:318: error: Unused "type: ignore" comment  [unused-ignore]
metrics.py:326: error: Unused "type: ignore" comment  [unused-ignore]
metrics.py:476: error: Unused "type: ignore" comment  [unused-ignore]
metrics.py:494: error: Unused "type: ignore" comment  [unused-ignore]
metrics.py:495: error: Unused "type: ignore" comment  [unused-ignore]
metrics.py:524: error: Unused "type: ignore" comment  [unused-ignore]
metrics.py:525: error: Unused "type: ignore" comment  [unused-ignore]
metrics.py:526: error: Unused "type: ignore" comment  [unused-ignore]
metrics.py:527: error: Unused "type: ignore" comment  [unused-ignore]
internal_alerts.py:23: error: Unused "type: ignore" comment  [unused-ignore]
internal_alerts.py:28: error: Unused "type: ignore" comment  [unused-ignore]
internal_alerts.py:35: error: Unused "type: ignore" comment  [unused-ignore]
internal_alerts.py:83: error: Incompatible types in assignment (expression has type "dict[str, str | int | float]", target has type "str")  [assignment]
internal_alerts.py:94: error: Unused "type: ignore" comment  [unused-ignore]
internal_alerts.py:104: error: Unused "type: ignore" comment  [unused-ignore]
internal_alerts.py:119: error: Statement is unreachable  [unreachable]
internal_alerts.py:128: error: Unused "type: ignore" comment  [unused-ignore]
predictive_engine.py:27: error: Unused "type: ignore" comment  [unused-ignore]
predictive_engine.py:29: error: Unused "type: ignore" comment  [unused-ignore]
predictive_engine.py:33: error: Unused "type: ignore" comment  [unused-ignore]
predictive_engine.py:42: error: Unused "type: ignore" comment  [unused-ignore]
predictive_engine.py:43: error: Unused "type: ignore" comment  [unused-ignore]
predictive_engine.py:44: error: Unused "type: ignore" comment  [unused-ignore]
predictive_engine.py:46: error: Unused "type: ignore" comment  [unused-ignore]
predictive_engine.py:47: error: Unused "type: ignore" comment  [unused-ignore]
predictive_engine.py:48: error: Unused "type: ignore" comment  [unused-ignore]
predictive_engine.py:51: error: Unused "type: ignore" comment  [unused-ignore]
predictive_engine.py:56: error: Unused "type: ignore" comment  [unused-ignore]
predictive_engine.py:57: error: Unused "type: ignore" comment  [unused-ignore]
predictive_engine.py:207: error: Unused "type: ignore" comment  [unused-ignore]
predictive_engine.py:221: error: Unused "type: ignore" comment  [unused-ignore]
predictive_engine.py:403: error: Unused "type: ignore" comment  [unused-ignore]
predictive_engine.py:583: error: Unsupported operand types for <= ("datetime" and "None")  [operator]
predictive_engine.py:583: note: Left operand is of type "datetime | None"
predictive_engine.py:584: error: Unsupported operand types for <= ("datetime" and "None")  [operator]
predictive_engine.py:584: note: Left operand is of type "datetime | None"
autocomplete_manager.py:52: error: Incompatible types in assignment (expression has type "None", variable has type "CacheManager")  [assignment]
autocomplete_manager.py:56: error: All conditional function variants must have identical signatures  [misc]
autocomplete_manager.py:56: note: Original:
autocomplete_manager.py:56: note:     def cached(expire_seconds: int = ..., key_prefix: str = ...) -> Any
autocomplete_manager.py:56: note: Redefinition:
autocomplete_manager.py:56: note:     def cached(expire_seconds: int = ..., key_prefix: str = ...) -> Callable[[Callable[P, R]], Callable[P, R]]
autocomplete_manager.py:61: error: Statement is unreachable  [unreachable]
database/repository.py:10: error: Name "_RealObjectId" already defined (possibly by an import)  [no-redef]
database/repository.py:33: error: Unused "type: ignore" comment  [unused-ignore]
database/repository.py:36: error: Name "cache" already defined on line 34  [no-redef]
database/repository.py:42: error: Unused "type: ignore" comment  [unused-ignore]
database/repository.py:55: error: All conditional function variants must have identical signatures  [misc]
database/repository.py:55: note: Original:
database/repository.py:55: note:     def emit_event(event: str, severity: str = ..., **fields: Any) -> None
database/repository.py:55: note: Redefinition:
database/repository.py:55: note:     def emit_event(event: str, severity: str = ..., **fields: Any) -> Any
database/repository.py:68: error: Incompatible redefinition (redefinition with type "Callable[[Arg(str, '_operation'), DefaultArg(Any, 'labels')], _GeneratorContextManager[Any, None, None]]", original type "Callable[[Arg(str, 'operation'), DefaultArg(dict[str, str] | None, 'labels')], _GeneratorContextManager[Any, None, None]]")  [misc]
database/repository.py:347: error: Name "filtered_items" already defined on line 280  [no-redef]
database/repository.py:362: error: Name "latest_by_name" already defined on line 293  [no-redef]
database/repository.py:377: error: Name "results_out" already defined on line 305  [no-redef]
database/repository.py:510: error: Statement is unreachable  [unreachable]
database/repository.py:525: error: Statement is unreachable  [unreachable]
database/repository.py:1371: error: List comprehension has incompatible type List[Any | None]; expected List[str]  [misc]
database/repository.py:1389: error: List comprehension has incompatible type List[Any | None]; expected List[str]  [misc]
database/repository.py:1400: error: Item "None" of "DBLike | None" has no attribute "users"  [union-attr]
database/repository.py:1414: error: Item "None" of "DBLike | None" has no attribute "users"  [union-attr]
database/repository.py:1431: error: Item "None" of "DBLike | None" has no attribute "users"  [union-attr]
database/repository.py:1444: error: Item "None" of "DBLike | None" has no attribute "users"  [union-attr]
database/repository.py:1458: error: Item "None" of "DBLike | None" has no attribute "users"  [union-attr]
database/repository.py:1467: error: Incompatible default for argument "username" (default has type "None", argument has type "str")  [assignment]
database/repository.py:1467: note: PEP 484 prohibits implicit Optional. Accordingly, mypy has changed its default to no_implicit_optional=True
database/repository.py:1467: note: Use https://github.com/hauntsaninja/no_implicit_optional to automatically upgrade your codebase
database/repository.py:1469: error: Item "None" of "DBLike | None" has no attribute "users"  [union-attr]
database/repository.py:1492: error: Item "None" of "DBLike | None" has no attribute "users"  [union-attr]
database/repository.py:1518: error: Item "None" of "DBLike | None" has no attribute "users"  [union-attr]
database/repository.py:1543: error: Item "None" of "DBLike | None" has no attribute "users"  [union-attr]
database/repository.py:1554: error: Item "None" of "DBLike | None" has no attribute "users"  [union-attr]
database/repository.py:1571: error: Item "None" of "DBLike | None" has no attribute "users"  [union-attr]
user_stats.py:22: error: Item "None" of "DBLike | None" has no attribute "users"  [union-attr]
terminal_commands.py:19: error: Unused "type: ignore" comment  [unused-ignore]
terminal_commands.py:20: error: Unused "type: ignore" comment  [unused-ignore]
setup_bookmarks.py:23: error: Unused "type: ignore" comment  [unused-ignore]
setup_bookmarks.py:24: error: Unused "type: ignore" comment  [unused-ignore]
repo_analyzer.py:15: error: Function is missing a return type annotation  [no-untyped-def]
repo_analyzer.py:15: error: Function is missing a type annotation for one or more arguments  [no-untyped-def]
repo_analyzer.py:15: error: All conditional function variants must have identical signatures  [misc]
repo_analyzer.py:15: note: Original:
repo_analyzer.py:15: note:     def emit_event(event: str, severity: str = ..., **fields: Any) -> None
repo_analyzer.py:15: note: Redefinition:
repo_analyzer.py:15: note:     def emit_event(event: str, severity: str = ..., **fields: Any) -> Any
repo_analyzer.py:24: error: Function is missing a return type annotation  [no-untyped-def]
lazy_loader.py:13: error: Unused "type: ignore" comment  [unused-ignore]
lazy_loader.py:17: error: Unused "type: ignore" comment  [unused-ignore]
lazy_loader.py:19: error: Unused "type: ignore" comment  [unused-ignore]
lazy_loader.py:24: error: Statement is unreachable  [unreachable]
lazy_loader.py:27: error: Unused "type: ignore" comment  [unused-ignore]
lazy_loader.py:111: error: Function "builtins.any" is not valid as a type  [valid-type]
lazy_loader.py:111: note: Perhaps you meant "typing.Any" instead of "any"?
lazy_loader.py:137: error: Function "builtins.any" is not valid as a type  [valid-type]
lazy_loader.py:137: note: Perhaps you meant "typing.Any" instead of "any"?
lazy_loader.py:139: error: Need type annotation for "structure"  [var-annotated]
integrations_sentry.py:20: error: Unused "type: ignore" comment  [unused-ignore]
integrations_sentry.py:22: error: Unused "type: ignore" comment  [unused-ignore]
integrations_github_monitor.py:10: error: Unused "type: ignore" comment  [unused-ignore]
integrations_github_monitor.py:12: error: Unused "type: ignore" comment  [unused-ignore]
integrations.py:16: error: Library stubs not installed for "requests"  [import-untyped]
integrations.py:250: error: Incompatible default for argument "language" (default has type "None", argument has type "str")  [assignment]
integrations.py:250: note: PEP 484 prohibits implicit Optional. Accordingly, mypy has changed its default to no_implicit_optional=True
integrations.py:250: note: Use https://github.com/hauntsaninja/no_implicit_optional to automatically upgrade your codebase
integrations.py:393: error: Item "None" of "DBLike | None" has no attribute "internal_shares"  [union-attr]
integrations.py:396: error: Item "None" of "DBLike | None" has no attribute "internal_shares"  [union-attr]
integrations.py:450: error: Item "None" of "DBLike | None" has no attribute "internal_shares"  [union-attr]
integrations.py:452: error: Item "None" of "DBLike | None" has no attribute "internal_shares"  [union-attr]
integrations.py:514: error: Incompatible default for argument "commit_message" (default has type "None", argument has type "str")  [assignment]
integrations.py:514: note: PEP 484 prohibits implicit Optional. Accordingly, mypy has changed its default to no_implicit_optional=True
integrations.py:514: note: Use https://github.com/hauntsaninja/no_implicit_optional to automatically upgrade your codebase
integrations.py:582: error: Incompatible default for argument "events" (default has type "None", argument has type "list[str]")  [assignment]
integrations.py:582: note: PEP 484 prohibits implicit Optional. Accordingly, mypy has changed its default to no_implicit_optional=True
integrations.py:582: note: Use https://github.com/hauntsaninja/no_implicit_optional to automatically upgrade your codebase
integrations.py:586: error: Statement is unreachable  [unreachable]
file_manager.py:16: error: Unused "type: ignore" comment  [unused-ignore]
file_manager.py:50: note: By default the bodies of untyped functions are not checked, consider using --check-untyped-defs  [annotation-unchecked]
file_manager.py:62: error: Unused "type: ignore" comment  [unused-ignore]
file_manager.py:80: note: By default the bodies of untyped functions are not checked, consider using --check-untyped-defs  [annotation-unchecked]
file_manager.py:293: error: Name "owner" already defined on line 193  [no-redef]
file_manager.py:294: error: Name "created_at" already defined on line 194  [no-redef]
file_manager.py:321: error: Incompatible types in assignment (expression has type "list[tuple[object, datetime]]", variable has type "list[tuple[Path, datetime]]")  [assignment]
file_manager.py:498: error: Unused "type: ignore" comment  [unused-ignore]
code_processor.py:15: error: Unused "type: ignore" comment  [unused-ignore]
code_processor.py:17: error: Unused "type: ignore" comment  [unused-ignore]
code_processor.py:20: error: Unused "type: ignore" comment  [unused-ignore]
code_processor.py:22: error: Unused "type: ignore" comment  [unused-ignore]
code_processor.py:26: error: Unused "type: ignore" comment  [unused-ignore]
code_processor.py:31: error: Unused "type: ignore" comment  [unused-ignore]
code_processor.py:36: error: Unused "type: ignore" comment  [unused-ignore]
code_processor.py:38: error: Unused "type: ignore" comment  [unused-ignore]
code_processor.py:39: error: Unused "type: ignore" comment  [unused-ignore]
code_processor.py:40: error: Unused "type: ignore" comment  [unused-ignore]
code_processor.py:44: error: Unused "type: ignore" comment  [unused-ignore]
code_processor.py:45: error: Unused "type: ignore" comment  [unused-ignore]
code_processor.py:46: error: Unused "type: ignore" comment  [unused-ignore]
code_processor.py:47: error: Unused "type: ignore" comment  [unused-ignore]
code_processor.py:48: error: Unused "type: ignore" comment  [unused-ignore]
code_processor.py:50: error: Unused "type: ignore" comment  [unused-ignore]
code_processor.py:51: error: Unused "type: ignore" comment  [unused-ignore]
code_processor.py:52: error: Unused "type: ignore" comment  [unused-ignore]
code_processor.py:53: error: Unused "type: ignore" comment  [unused-ignore]
code_processor.py:54: error: Unused "type: ignore" comment  [unused-ignore]
code_processor.py:56: error: Unused "type: ignore" comment  [unused-ignore]
code_processor.py:58: error: Unused "type: ignore" comment  [unused-ignore]
code_processor.py:60: error: Unused "type: ignore" comment  [unused-ignore]
code_processor.py:68: error: Unused "type: ignore" comment  [unused-ignore]
code_processor.py:72: error: Unused "type: ignore" comment  [unused-ignore]
code_processor.py:74: error: Unused "type: ignore" comment  [unused-ignore]
code_processor.py:79: error: Statement is unreachable  [unreachable]
code_processor.py:86: error: Unused "type: ignore" comment  [unused-ignore]
code_processor.py:166: error: Incompatible default for argument "filename" (default has type "None", argument has type "str")  [assignment]
code_processor.py:166: note: PEP 484 prohibits implicit Optional. Accordingly, mypy has changed its default to no_implicit_optional=True
code_processor.py:166: note: Use https://github.com/hauntsaninja/no_implicit_optional to automatically upgrade your codebase
code_processor.py:166: error: Incompatible default for argument "user_id" (default has type "None", argument has type "int")  [assignment]
code_processor.py:437: error: Incompatible default for argument "filename" (default has type "None", argument has type "str")  [assignment]
code_processor.py:437: note: PEP 484 prohibits implicit Optional. Accordingly, mypy has changed its default to no_implicit_optional=True
code_processor.py:437: note: Use https://github.com/hauntsaninja/no_implicit_optional to automatically upgrade your codebase
code_processor.py:469: error: Argument "key" to "max" has incompatible type overloaded function; expected "Callable[[Any], SupportsDunderLT[Any] | SupportsDunderGT[Any]]"  [arg-type]
code_processor.py:922: error: Unused "type: ignore" comment  [unused-ignore]
code_processor.py:923: error: Incompatible types (expression has type "int | None", TypedDict item "line" has type "int")  [typeddict-item]
code_processor.py:934: error: Unused "type: ignore" comment  [unused-ignore]
code_processor.py:955: error: Unused "type: ignore" comment  [unused-ignore]
code_processor.py:964: error: Unused "type: ignore" comment  [unused-ignore]
bot_rate_limiter.py:66: error: Unused "type: ignore" comment  [unused-ignore]
activity_reporter.py:5: error: Unused "type: ignore" comment  [unused-ignore]
activity_reporter.py:8: error: Unused "type: ignore" comment  [unused-ignore]
activity_reporter.py:14: error: Unused "type: ignore" comment  [unused-ignore]
activity_reporter.py:55: error: Unused "type: ignore" comment  [unused-ignore]
activity_reporter.py:57: error: Unused "type: ignore" comment  [unused-ignore]
services/backoff_state.py:16: error: Unused "type: ignore" comment  [unused-ignore]
scripts/dev_seed.py:103: error: Unused "type: ignore" comment  [unused-ignore]
scripts/dev_seed.py:104: error: Unused "type: ignore" comment  [unused-ignore]
scripts/dev_seed.py:108: error: Unused "type: ignore" comment  [unused-ignore]
scripts/dev_seed.py:109: error: Unused "type: ignore" comment  [unused-ignore]
scripts/cleanup_repo_tags.py:30: error: Unused "type: ignore" comment  [unused-ignore]
scripts/cleanup_repo_tags.py:31: error: Unused "type: ignore" comment  [unused-ignore]
scripts/cleanup_repo_tags.py:35: error: Unused "type: ignore" comment  [unused-ignore]
scripts/cleanup_repo_tags.py:36: error: Unused "type: ignore" comment  [unused-ignore]
scripts/cleanup_repo_tags.py:44: error: Statement is unreachable  [unreachable]
scripts/cleanup_repo_tags.py:49: error: Statement is unreachable  [unreachable]
reminders/database.py:8: error: Unused "type: ignore" comment  [unused-ignore]
reminders/database.py:9: error: Unused "type: ignore" comment  [unused-ignore]
reminders/database.py:11: error: Unused "type: ignore" comment  [unused-ignore]
reminders/database.py:12: error: Unused "type: ignore" comment  [unused-ignore]
database/collections_manager.py:15: error: Unused "type: ignore" comment  [unused-ignore]
database/collections_manager.py:23: error: Unused "type: ignore" comment  [unused-ignore]
database/collections_manager.py:25: error: Unused "type: ignore" comment  [unused-ignore]
database/collections_manager.py:26: error: Unused "type: ignore" comment  [unused-ignore]
database/collections_manager.py:34: error: Unused "type: ignore" comment  [unused-ignore]
database/collections_manager.py:36: error: Unused "type: ignore" comment  [unused-ignore]
database/collections_manager.py:41: error: Unused "type: ignore" comment  [unused-ignore]
database/collections_manager.py:249: error: Argument 1 to "int" has incompatible type "Any | None"; expected "str | Buffer | SupportsInt | SupportsIndex | SupportsTrunc"  [arg-type]
database/collections_manager.py:314: error: Item "None" of "Any | None" has no attribute "timestamp"  [union-attr]
database/collections_manager.py:635: error: Argument 1 to "int" has incompatible type "Any | None"; expected "str | Buffer | SupportsInt | SupportsIndex | SupportsTrunc"  [arg-type]
database/collections_manager.py:783: error: Item "None" of "Any | None" has no attribute "isoformat"  [union-attr]
database/collections_manager.py:784: error: Item "None" of "Any | None" has no attribute "isoformat"  [union-attr]
database/collections_manager.py:798: error: Item "None" of "Any | None" has no attribute "isoformat"  [union-attr]
database/collections_manager.py:799: error: Item "None" of "Any | None" has no attribute "isoformat"  [union-attr]
refactor_handlers.py:317: error: "CollectionLike" not callable  [operator]
services/webserver.py:8: error: Unused "type: ignore" comment  [unused-ignore]
services/webserver.py:11: error: Unused "type: ignore" comment  [unused-ignore]
services/webserver.py:16: error: Unused "type: ignore" comment  [unused-ignore]
services/webserver.py:40: error: Unused "type: ignore" comment  [unused-ignore]
services/webserver.py:53: error: Unused "type: ignore" comment  [unused-ignore]
services/webserver.py:54: error: Unused "type: ignore" comment  [unused-ignore]
services/webserver.py:55: error: Unused "type: ignore" comment  [unused-ignore]
services/webserver.py:63: error: Unused "type: ignore" comment  [unused-ignore]
services/webserver.py:64: error: Unused "type: ignore" comment  [unused-ignore]
services/webserver.py:69: error: Unused "type: ignore" comment  [unused-ignore]
services/webserver.py:71: error: Unused "type: ignore" comment  [unused-ignore]
services/webserver.py:151: error: Unused "type: ignore" comment  [unused-ignore]
services/webserver.py:162: error: Unused "type: ignore" comment  [unused-ignore]
services/webserver.py:168: error: Unused "type: ignore" comment  [unused-ignore]
services/webserver.py:189: error: Unused "type: ignore" comment  [unused-ignore]
services/webserver.py:214: error: Unused "type: ignore" comment  [unused-ignore]
services/webserver.py:244: error: Unused "type: ignore" comment  [unused-ignore]
services/webserver.py:261: error: Unused "type: ignore" comment  [unused-ignore]
services/webserver.py:276: error: Unused "type: ignore" comment  [unused-ignore]
services/investigation_service.py:22: error: Unused "type: ignore" comment  [unused-ignore]
services/investigation_service.py:115: error: Unused "type: ignore" comment  [unused-ignore]
services/investigation_service.py:121: error: Unused "type: ignore" comment  [unused-ignore]
services/google_drive_service.py:13: error: Library stubs not installed for "requests"  [import-untyped]
services/google_drive_service.py:13: note: Hint: "python3 -m pip install types-requests"
services/google_drive_service.py:13: note: (or run "mypy --install-types" to install all missing stub packages)
services/google_drive_service.py:13: note: See https://mypy.readthedocs.io/en/stable/running_mypy.html#missing-imports
services/google_drive_service.py:15: error: Unused "type: ignore" comment  [unused-ignore]
services/google_drive_service.py:16: error: Unused "type: ignore" comment  [unused-ignore]
services/google_drive_service.py:17: error: Unused "type: ignore" comment  [unused-ignore]
services/google_drive_service.py:18: error: Unused "type: ignore" comment  [unused-ignore]
services/google_drive_service.py:19: error: Unused "type: ignore" comment  [unused-ignore]
services/google_drive_service.py:21: error: Unused "type: ignore" comment  [unused-ignore]
services/google_drive_service.py:22: error: Unused "type: ignore" comment  [unused-ignore]
services/google_drive_service.py:23: error: Unused "type: ignore" comment  [unused-ignore]
services/google_drive_service.py:24: error: Unused "type: ignore" comment  [unused-ignore]
services/google_drive_service.py:25: error: Unused "type: ignore" comment  [unused-ignore]
services/google_drive_service.py:26: error: Unused "type: ignore" comment  [unused-ignore]
services/google_drive_service.py:71: error: Unused "type: ignore" comment  [unused-ignore]
services/google_drive_service.py:114: error: Unused "type: ignore" comment  [unused-ignore]
services/google_drive_service.py:197: error: Unused "type: ignore" comment  [unused-ignore]
services/google_drive_service.py:253: error: Incompatible types in assignment (expression has type "list[str]", target has type "str")  [assignment]
services/google_drive_service.py:314: error: Incompatible types in assignment (expression has type "str | None", variable has type "str")  [assignment]
services/google_drive_service.py:398: error: Statement is unreachable  [unreachable]
services/google_drive_service.py:452: error: Unused "type: ignore" comment  [unused-ignore]
services/google_drive_service.py:457: error: Unused "type: ignore" comment  [unused-ignore]
services/google_drive_service.py:580: error: Unused "type: ignore" comment  [unused-ignore]
services/google_drive_service.py:696: error: Unused "type: ignore" comment  [unused-ignore]
services/google_drive_service.py:697: error: Unused "type: ignore" comment  [unused-ignore]
reminders/scheduler.py:54: error: Argument 1 to "int" has incompatible type "Any | None"; expected "str | Buffer | SupportsInt | SupportsIndex | SupportsTrunc"  [arg-type]
reminders/scheduler.py:74: error: Argument 1 to "int" has incompatible type "Any | None"; expected "str | Buffer | SupportsInt | SupportsIndex | SupportsTrunc"  [arg-type]
reminders/handlers.py:49: error: Unused "type: ignore" comment  [unused-ignore]
reminders/handlers.py:172: error: Incompatible types in assignment (expression has type "datetime | None", variable has type "datetime")  [assignment]
reminders/handlers.py:220: error: Argument "remind_at" to "Reminder" has incompatible type "Any | None"; expected "datetime"  [arg-type]
reminders/handlers.py:232: error: Unused "type: ignore" comment  [unused-ignore]
reminders/handlers.py:260: error: Unused "type: ignore" comment  [unused-ignore]
search_engine.py:36: error: Function is missing a return type annotation  [no-untyped-def]
search_engine.py:36: error: Function is missing a type annotation for one or more arguments  [no-untyped-def]
search_engine.py:36: error: All conditional function variants must have identical signatures  [misc]
search_engine.py:36: note: Original:
search_engine.py:36: note:     def emit_event(event: str, severity: str = ..., **fields: Any) -> None
search_engine.py:36: note: Redefinition:
search_engine.py:36: note:     def emit_event(event: str, severity: str = ..., **fields: Any) -> Any
search_engine.py:45: error: Function is missing a return type annotation  [no-untyped-def]
search_engine.py:45: error: Function is missing a type annotation for one or more arguments  [no-untyped-def]
search_engine.py:98: error: Function is missing a return type annotation  [no-untyped-def]
search_engine.py:98: note: Use "-> None" if function does not return a value
search_engine.py:99: note: By default the bodies of untyped functions are not checked, consider using --check-untyped-defs  [annotation-unchecked]
search_engine.py:100: note: By default the bodies of untyped functions are not checked, consider using --check-untyped-defs  [annotation-unchecked]
search_engine.py:101: note: By default the bodies of untyped functions are not checked, consider using --check-untyped-defs  [annotation-unchecked]
search_engine.py:102: note: By default the bodies of untyped functions are not checked, consider using --check-untyped-defs  [annotation-unchecked]
search_engine.py:105: error: Function is missing a return type annotation  [no-untyped-def]
search_engine.py:202: error: Function is missing a return type annotation  [no-untyped-def]
search_engine.py:202: note: Use "-> None" if function does not return a value
search_engine.py:203: note: By default the bodies of untyped functions are not checked, consider using --check-untyped-defs  [annotation-unchecked]
search_engine.py:589: error: Statement is unreachable  [unreachable]
search_engine.py:705: error: Function is missing a return type annotation  [no-untyped-def]
search_engine.py:705: note: Use "-> None" if function does not return a value
search_engine.py:707: note: By default the bodies of untyped functions are not checked, consider using --check-untyped-defs  [annotation-unchecked]
search_engine.py:758: error: Function is missing a return type annotation  [no-untyped-def]
batch_processor.py:33: error: Incompatible types in assignment (expression has type "None", variable has type "dict[str, Any]")  [assignment]
batch_processor.py:50: note: By default the bodies of untyped functions are not checked, consider using --check-untyped-defs  [annotation-unchecked]
backup_menu_handler.py:17: error: Unused "type: ignore" comment  [unused-ignore]
backup_menu_handler.py:19: error: Unused "type: ignore" comment  [unused-ignore]
backup_menu_handler.py:23: error: Unused "type: ignore" comment  [unused-ignore]
backup_menu_handler.py:38: error: Incompatible types in assignment (expression has type "float", variable has type "int")  [assignment]
backup_menu_handler.py:74: error: Statement is unreachable  [unreachable]
backup_menu_handler.py:91: error: Incompatible default for argument "vnum" (default has type "None", argument has type "int")  [assignment]
backup_menu_handler.py:91: note: PEP 484 prohibits implicit Optional. Accordingly, mypy has changed its default to no_implicit_optional=True
backup_menu_handler.py:91: note: Use https://github.com/hauntsaninja/no_implicit_optional to automatically upgrade your codebase
backup_menu_handler.py:156: note: By default the bodies of untyped functions are not checked, consider using --check-untyped-defs  [annotation-unchecked]
backup_menu_handler.py:400: error: Unused "type: ignore" comment  [unused-ignore]
backup_menu_handler.py:463: error: Unused "type: ignore" comment  [unused-ignore]
backup_menu_handler.py:562: error: Incompatible types in assignment (expression has type "list[Any] | None", variable has type "list[Any]")  [assignment]
handlers/save_flow.py:16: error: Unused "type: ignore" comment  [unused-ignore]
handlers/save_flow.py:17: error: Unused "type: ignore" comment  [unused-ignore]
handlers/save_flow.py:21: error: Unused "type: ignore" comment  [unused-ignore]
handlers/save_flow.py:22: error: Unused "type: ignore" comment  [unused-ignore]
handlers/save_flow.py:162: error: Item "None" of "Any | None" has no attribute "reply_text"  [union-attr]
handlers/drive/menu.py:8: error: Cannot assign to a type  [misc]
handlers/drive/menu.py:8: note: Error code "misc" not covered by "type: ignore" comment
handlers/drive/menu.py:14: error: Unused "type: ignore" comment  [unused-ignore]
handlers/drive/menu.py:25: note: By default the bodies of untyped functions are not checked, consider using --check-untyped-defs  [annotation-unchecked]
handlers/drive/menu.py:259: error: Unused "type: ignore" comment  [unused-ignore]
handlers/drive/menu.py:641: error: Function "ZoneInfo" could always be true in boolean context  [truthy-function]
handlers/drive/menu.py:923: error: Argument 1 to "get" of "dict" has incompatible type "Any | None"; expected "str"  [arg-type]
github_menu_handler.py:61: error: Unused "type: ignore" comment  [unused-ignore]
github_menu_handler.py:63: error: Unused "type: ignore" comment  [unused-ignore]
github_menu_handler.py:65: error: Unused "type: ignore" comment  [unused-ignore]
github_menu_handler.py:70: error: Unused "type: ignore" comment  [unused-ignore]
github_menu_handler.py:73: error: Unused "type: ignore" comment  [unused-ignore]
github_menu_handler.py:75: error: Unused "type: ignore" comment  [unused-ignore]
github_menu_handler.py:78: error: Unused "type: ignore" comment  [unused-ignore]
github_menu_handler.py:168: error: Incompatible types in assignment (expression has type "float", variable has type "int")  [assignment]
github_menu_handler.py:176: note: By default the bodies of untyped functions are not checked, consider using --check-untyped-defs  [annotation-unchecked]
github_menu_handler.py:177: note: By default the bodies of untyped functions are not checked, consider using --check-untyped-defs  [annotation-unchecked]
github_menu_handler.py:185: error: Unused "type: ignore" comment  [unused-ignore]
github_menu_handler.py:244: error: Unused "type: ignore" comment  [unused-ignore]
github_menu_handler.py:268: error: Unused "type: ignore" comment  [unused-ignore]
github_menu_handler.py:326: error: Item "None" of "Any | None" has no attribute "answer"  [union-attr]
github_menu_handler.py:396: error: Unused "type: ignore" comment  [unused-ignore]
github_menu_handler.py:399: error: Unused "type: ignore" comment  [unused-ignore]
github_menu_handler.py:414: error: Unused "type: ignore" comment  [unused-ignore]
github_menu_handler.py:414: error: Item "None" of "Any | None" has no attribute "timestamp"  [union-attr]
github_menu_handler.py:414: note: Error code "union-attr" not covered by "type: ignore" comment
github_menu_handler.py:1495: error: Assignment to variable "br" outside except: block  [misc]
github_menu_handler.py:2791: error: Incompatible types in assignment (expression has type "list[Any]", variable has type "set[Any]")  [assignment]
github_menu_handler.py:2984: error: Incompatible types in assignment (expression has type "list[Any]", variable has type "set[Any]")  [assignment]
github_menu_handler.py:2999: error: Value of type "set[Any]" is not indexable  [index]
github_menu_handler.py:3382: error: Unused "type: ignore" comment  [unused-ignore]
github_menu_handler.py:3385: error: Unused "type: ignore" comment  [unused-ignore]
github_menu_handler.py:3781: error: Unused "type: ignore" comment  [unused-ignore]
github_menu_handler.py:3784: error: Unused "type: ignore" comment  [unused-ignore]
github_menu_handler.py:3972: error: Unused "type: ignore" comment  [unused-ignore]
github_menu_handler.py:3975: error: Unused "type: ignore" comment  [unused-ignore]
github_menu_handler.py:5121: error: Unused "type: ignore" comment  [unused-ignore]
github_menu_handler.py:5597: error: Unused "type: ignore" comment  [unused-ignore]
github_menu_handler.py:5598: error: Unused "type: ignore" comment  [unused-ignore]
github_menu_handler.py:5723: error: Unused "type: ignore" comment  [unused-ignore]
github_menu_handler.py:5724: error: Unused "type: ignore" comment  [unused-ignore]
github_menu_handler.py:5759: error: Unused "type: ignore" comment  [unused-ignore]
github_menu_handler.py:5850: error: Unused "type: ignore" comment  [unused-ignore]
github_menu_handler.py:6084: error: Unused "type: ignore" comment  [unused-ignore]
github_menu_handler.py:6084: error: Incompatible types in assignment (expression has type "Any | None", variable has type "str")  [assignment]
github_menu_handler.py:6084: note: Error code "assignment" not covered by "type: ignore" comment
github_menu_handler.py:6841: error: Statement is unreachable  [unreachable]
webapp/sticky_notes_api.py:16: error: Unused "type: ignore" comment  [unused-ignore]
webapp/sticky_notes_api.py:17: error: Unused "type: ignore" comment  [unused-ignore]
webapp/sticky_notes_api.py:18: error: Unused "type: ignore" comment  [unused-ignore]
webapp/sticky_notes_api.py:20: error: Name "InvalidId" already defined (possibly by an import)  [no-redef]
webapp/sticky_notes_api.py:22: error: Unused "type: ignore" comment  [unused-ignore]
webapp/sticky_notes_api.py:30: error: Unused "type: ignore" comment  [unused-ignore]
webapp/sticky_notes_api.py:31: error: Unused "type: ignore" comment  [unused-ignore]
webapp/sticky_notes_api.py:35: error: Unused "type: ignore" comment  [unused-ignore]
webapp/sticky_notes_api.py:36: error: Unused "type: ignore" comment  [unused-ignore]
webapp/sticky_notes_api.py:62: error: Unused "type: ignore" comment  [unused-ignore]
webapp/sticky_notes_api.py:218: error: Item "None" of "Any | None" has no attribute "isoformat"  [union-attr]
webapp/sticky_notes_api.py:219: error: Item "None" of "Any | None" has no attribute "isoformat"  [union-attr]
webapp/sticky_notes_api.py:366: error: Argument 1 to "int" has incompatible type "Any | None"; expected "str | Buffer | SupportsInt | SupportsIndex | SupportsTrunc"  [arg-type]
webapp/sticky_notes_api.py:371: error: Argument 1 to "int" has incompatible type "Any | None"; expected "str | Buffer | SupportsInt | SupportsIndex | SupportsTrunc"  [arg-type]
webapp/sticky_notes_api.py:420: error: Item "None" of "Any | None" has no attribute "isoformat"  [union-attr]
webapp/collections_api.py:17: error: Unused "type: ignore" comment  [unused-ignore]
webapp/collections_api.py:24: error: Unused "type: ignore" comment  [unused-ignore]
webapp/collections_api.py:25: error: Unused "type: ignore" comment  [unused-ignore]
webapp/collections_api.py:29: error: Unused "type: ignore" comment  [unused-ignore]
webapp/collections_api.py:30: error: Unused "type: ignore" comment  [unused-ignore]
webapp/collections_api.py:36: error: Unused "type: ignore" comment  [unused-ignore]
webapp/collections_api.py:37: error: Unused "type: ignore" comment  [unused-ignore]
webapp/collections_api.py:434: error: Argument 1 to "int" has incompatible type "Any | None"; expected "str | Buffer | SupportsInt | SupportsIndex | SupportsTrunc"  [arg-type]
webapp/bookmarks_api.py:18: error: Unused "type: ignore" comment  [unused-ignore]
webapp/bookmarks_api.py:19: error: Unused "type: ignore" comment  [unused-ignore]
webapp/bookmarks_api.py:23: error: Unused "type: ignore" comment  [unused-ignore]
webapp/bookmarks_api.py:24: error: Unused "type: ignore" comment  [unused-ignore]
webapp/bookmarks_api.py:30: error: Unused "type: ignore" comment  [unused-ignore]
webapp/bookmarks_api.py:31: error: Unused "type: ignore" comment  [unused-ignore]
webapp/bookmarks_api.py:756: error: Name "_get_file_info" already defined on line 54  [no-redef]
webapp/app.py:56: error: Incompatible types in assignment (expression has type "None", variable has type "BotConfig")  [assignment]
webapp/app.py:77: error: Incompatible types in assignment (expression has type "None", variable has type "AdvancedSearchEngine")  [assignment]
webapp/app.py:80: error: Cannot assign to a type  [misc]
webapp/app.py:80: error: Incompatible types in assignment (expression has type "type[_Missing]", variable has type "type[SearchType]")  [assignment]
webapp/app.py:81: error: Cannot assign to a type  [misc]
webapp/app.py:81: error: Incompatible types in assignment (expression has type "type[_Missing]", variable has type "type[SearchFilter]")  [assignment]
webapp/app.py:82: error: Cannot assign to a type  [misc]
webapp/app.py:82: error: Incompatible types in assignment (expression has type "type[_Missing]", variable has type "type[SortOrder]")  [assignment]
webapp/app.py:94: error: All conditional function variants must have identical signatures  [misc]
webapp/app.py:94: note: Original:
webapp/app.py:94: note:     def emit_event(event: str, severity: str = ..., **fields: Any) -> None
webapp/app.py:94: note: Redefinition:
webapp/app.py:94: note:     def emit_event(event: str, severity: str = ..., **fields: Any) -> Any
webapp/app.py:103: error: All conditional function variants must have identical signatures  [misc]
webapp/app.py:103: note: Original:
webapp/app.py:103: note:     def bind_user_context(*, user_id: Any | None = ..., chat_id: Any | None = ...) -> None
webapp/app.py:103: note: Redefinition:
webapp/app.py:103: note:     def bind_user_context(*_a: Any, **_k: Any) -> Any
webapp/app.py:105: error: All conditional function variants must have identical signatures  [misc]
webapp/app.py:105: note: Original:
webapp/app.py:105: note:     def bind_command(command: str | None) -> None
webapp/app.py:105: note: Redefinition:
webapp/app.py:105: note:     def bind_command(_identifier: str | None = ...) -> None
webapp/app.py:112: error: All conditional function variants must have identical signatures  [misc]
webapp/app.py:112: note: Original:
webapp/app.py:112: note:     def forward_alerts(alerts: list[dict[str, Any]]) -> None
webapp/app.py:112: note: Redefinition:
webapp/app.py:112: note:     def _forward_alerts(_alerts: Any) -> Any
webapp/app.py:157: error: Incompatible types in assignment (expression has type "_NoCache", variable has type "CacheManager")  [assignment]
webapp/app.py:223: error: All conditional function variants must have identical signatures  [misc]
webapp/app.py:223: note: Original:
webapp/app.py:223: note:     def traced(span_name: str | None = ..., attributes: dict[str, Any] | None = ...) -> Any
webapp/app.py:223: note: Redefinition:
webapp/app.py:223: note:     def traced(*_a: Any, **_k: Any) -> Any
webapp/app.py:231: error: All conditional function variants must have identical signatures  [misc]
webapp/app.py:231: note: Original:
webapp/app.py:231: note:     def generate_request_id() -> str
webapp/app.py:231: note: Redefinition:
webapp/app.py:231: note:     def _gen_rid() -> Any
webapp/app.py:233: error: All conditional function variants must have identical signatures  [misc]
webapp/app.py:233: note: Original:
webapp/app.py:233: note:     def bind_request_id(request_id: str) -> None
webapp/app.py:233: note: Redefinition:
webapp/app.py:233: note:     def _bind_rid(_rid: str) -> None
webapp/app.py:339: error: Incompatible types in assignment (expression has type "None", variable has type "BotConfig")  [assignment]
webapp/app.py:407: error: All conditional function variants must have identical signatures  [misc]
webapp/app.py:407: note: Original:
webapp/app.py:407: note:     def record_http_request(method: str, endpoint: str | None, status_code: int, duration_seconds: float) -> None
webapp/app.py:407: note: Redefinition:
webapp/app.py:407: note:     def record_http_request(method: str, endpoint: str, status_code: int, duration_seconds: float) -> None
webapp/app.py:413: error: All conditional function variants must have identical signatures  [misc]
webapp/app.py:413: note: Original:
webapp/app.py:413: note:     def note_first_request_latency(duration_seconds: float | None = ...) -> None
webapp/app.py:413: note: Redefinition:
webapp/app.py:413: note:     def note_first_request_latency(_d: float | None = ...) -> None
webapp/app.py:415: error: All conditional function variants must have identical signatures  [misc]
webapp/app.py:415: note: Original:
webapp/app.py:415: note:     def record_dependency_init(dependency: str, duration_seconds: float) -> None
webapp/app.py:415: note: Redefinition:
webapp/app.py:415: note:     def record_dependency_init(_name: str, _dur: float) -> None
webapp/app.py:532: error: Incompatible types in assignment (expression has type "None", variable has type "BotConfig")  [assignment]
webapp/app.py:619: note: By default the bodies of untyped functions are not checked, consider using --check-untyped-defs  [annotation-unchecked]
webapp/app.py:2075: error: All conditional function variants must have identical signatures  [misc]
webapp/app.py:2075: note: Original:
webapp/app.py:2075: note:     def metrics_endpoint_bytes() -> bytes
webapp/app.py:2075: note: Redefinition:
webapp/app.py:2075: note:     def metrics_endpoint_bytes() -> Any
webapp/app.py:2077: error: All conditional function variants must have identical signatures  [misc]
webapp/app.py:2077: note: Original:
webapp/app.py:2077: note:     def metrics_content_type() -> str
webapp/app.py:2077: note: Redefinition:
webapp/app.py:2077: note:     def metrics_content_type() -> Any
webapp/app.py:2227: note: By default the bodies of untyped functions are not checked, consider using --check-untyped-defs  [annotation-unchecked]
webapp/app.py:2255: note: By default the bodies of untyped functions are not checked, consider using --check-untyped-defs  [annotation-unchecked]
webapp/app.py:5165: note: By default the bodies of untyped functions are not checked, consider using --check-untyped-defs  [annotation-unchecked]
webapp/app.py:5166: note: By default the bodies of untyped functions are not checked, consider using --check-untyped-defs  [annotation-unchecked]
webapp/app.py:5168: note: By default the bodies of untyped functions are not checked, consider using --check-untyped-defs  [annotation-unchecked]
webapp/app.py:5169: note: By default the bodies of untyped functions are not checked, consider using --check-untyped-defs  [annotation-unchecked]
webapp/app.py:5205: note: By default the bodies of untyped functions are not checked, consider using --check-untyped-defs  [annotation-unchecked]
cache_commands.py:136: error: Need type annotation for "_params" (hint: "_params: dict[<type>, <type>] = ...")  [var-annotated]
handlers/file_view.py:980: error: Item "None" of "dict[str, Any] | None" has no attribute "get"  [union-attr]
handlers/file_view.py:981: error: Item "None" of "dict[str, Any] | None" has no attribute "get"  [union-attr]
handlers/file_view.py:982: error: Item "None" of "dict[str, Any] | None" has no attribute "get"  [union-attr]
handlers/file_view.py:987: error: Item "None" of "dict[str, Any] | None" has no attribute "get"  [union-attr]
handlers/file_view.py:1060: error: Item "None" of "dict[str, Any] | None" has no attribute "get"  [union-attr]
handlers/file_view.py:1316: error: Unused "type: ignore" comment  [unused-ignore]
conversation_handlers.py:160: error: Unused "type: ignore" comment  [unused-ignore]
conversation_handlers.py:265: error: Incompatible types in assignment (expression has type "float", variable has type "int")  [assignment]
conversation_handlers.py:1286: error: Name "handle_file_menu" already defined (possibly by an import)  [no-redef]
conversation_handlers.py:1372: error: Name "handle_view_file" already defined (possibly by an import)  [no-redef]
conversation_handlers.py:1377: error: Name "handle_edit_code" already defined (possibly by an import)  [no-redef]
conversation_handlers.py:1428: error: Name "receive_new_code" already defined (possibly by an import)  [no-redef]
conversation_handlers.py:1645: error: Name "handle_edit_name" already defined (possibly by an import)  [no-redef]
conversation_handlers.py:1680: error: Name "handle_edit_note" already defined (possibly by an import)  [no-redef]
conversation_handlers.py:1713: error: Name "receive_new_name" already defined (possibly by an import)  [no-redef]
conversation_handlers.py:1784: error: Name "handle_versions_history" already defined (possibly by an import)  [no-redef]
conversation_handlers.py:1873: error: Name "handle_download_file" already defined (possibly by an import)  [no-redef]
conversation_handlers.py:1942: error: Name "handle_delete_confirmation" already defined (possibly by an import)  [no-redef]
conversation_handlers.py:1985: error: Name "handle_delete_file" already defined (possibly by an import)  [no-redef]
conversation_handlers.py:2034: error: Name "handle_file_info" already defined (possibly by an import)  [no-redef]
conversation_handlers.py:2636: error: Name "selected_ids" already defined on line 2592  [no-redef]
conversation_handlers.py:2790: error: Argument 2 to "analyze_files_batch" of "BatchProcessor" has incompatible type "list[dict[Any, Any]]"; expected "list[str]"  [arg-type]
conversation_handlers.py:2808: error: Argument 2 to "validate_files_batch" of "BatchProcessor" has incompatible type "list[dict[Any, Any]]"; expected "list[str]"  [arg-type]
conversation_handlers.py:3665: error: Item "None" of "str | None" has no attribute "split"  [union-attr]
conversation_handlers.py:3665: error: Unsupported right operand type for in ("str | None")  [operator]
conversation_handlers.py:3746: error: List comprehension has incompatible type List[Any | None]; expected List[str]  [misc]
conversation_handlers.py:3750: error: List comprehension has incompatible type List[Any | None]; expected List[str]  [misc]
conversation_handlers.py:3754: error: List comprehension has incompatible type List[Any | None]; expected List[str]  [misc]
conversation_handlers.py:3759: error: List comprehension has incompatible type List[Any | None]; expected List[str]  [misc]
conversation_handlers.py:3763: error: List comprehension has incompatible type List[Any | None]; expected List[str]  [misc]
bot_handlers.py:41: error: Unused "type: ignore" comment  [unused-ignore]
bot_handlers.py:45: error: Unused "type: ignore" comment  [unused-ignore]
bot_handlers.py:57: error: Unused "type: ignore" comment  [unused-ignore]
bot_handlers.py:803: error: Unused "type: ignore" comment  [unused-ignore]
bot_handlers.py:848: error: Unused "type: ignore" comment  [unused-ignore]
bot_handlers.py:855: error: Unused "type: ignore" comment  [unused-ignore]
bot_handlers.py:863: error: Unused "type: ignore" comment  [unused-ignore]
bot_handlers.py:874: error: Unused "type: ignore" comment  [unused-ignore]
bot_handlers.py:887: error: Unused "type: ignore" comment  [unused-ignore]
bot_handlers.py:907: error: Unused "type: ignore" comment  [unused-ignore]
bot_handlers.py:947: error: Unused "type: ignore" comment  [unused-ignore]
bot_handlers.py:955: error: Unused "type: ignore" comment  [unused-ignore]
bot_handlers.py:956: error: Unused "type: ignore" comment  [unused-ignore]
bot_handlers.py:957: error: Unused "type: ignore" comment  [unused-ignore]
bot_handlers.py:991: error: Unused "type: ignore" comment  [unused-ignore]
bot_handlers.py:1002: error: Unused "type: ignore" comment  [unused-ignore]
bot_handlers.py:1039: error: Unused "type: ignore" comment  [unused-ignore]
bot_handlers.py:1066: error: Unused "type: ignore" comment  [unused-ignore]
bot_handlers.py:1067: error: Unused "type: ignore" comment  [unused-ignore]
bot_handlers.py:1084: error: Unused "type: ignore" comment  [unused-ignore]
bot_handlers.py:1090: error: Incompatible types in assignment (expression has type "dict[str, int]", variable has type "str")  [assignment]
bot_handlers.py:1092: error: Unsupported target for indexed assignment ("str")  [index]
bot_handlers.py:1092: error: Invalid index type "str" for "str"; expected type "SupportsIndex | slice[Any, Any, Any]"  [index]
bot_handlers.py:1092: error: Unsupported operand types for + ("str" and "int")  [operator]
bot_handlers.py:1094: error: Unsupported target for indexed assignment ("str")  [index]
bot_handlers.py:1094: error: Invalid index type "str" for "str"; expected type "SupportsIndex | slice[Any, Any, Any]"  [index]
bot_handlers.py:1094: error: Unsupported operand types for + ("str" and "int")  [operator]
bot_handlers.py:1130: error: Unused "type: ignore" comment  [unused-ignore]
bot_handlers.py:1157: error: Unused "type: ignore" comment  [unused-ignore]
bot_handlers.py:1189: error: Unused "type: ignore" comment  [unused-ignore]
bot_handlers.py:1217: error: Unused "type: ignore" comment  [unused-ignore]
bot_handlers.py:1231: error: Unused "type: ignore" comment  [unused-ignore]
bot_handlers.py:1259: error: Unused "type: ignore" comment  [unused-ignore]
bot_handlers.py:1333: error: Unused "type: ignore" comment  [unused-ignore]
bot_handlers.py:1335: error: Unused "type: ignore" comment  [unused-ignore]
bot_handlers.py:1382: error: Unused "type: ignore" comment  [unused-ignore]
bot_handlers.py:1383: error: Unused "type: ignore" comment  [unused-ignore]
bot_handlers.py:1402: error: Unused "type: ignore" comment  [unused-ignore]
bot_handlers.py:1403: error: Unused "type: ignore" comment  [unused-ignore]
bot_handlers.py:1419: error: Unused "type: ignore" comment  [unused-ignore]
bot_handlers.py:1420: error: Unused "type: ignore" comment  [unused-ignore]
bot_handlers.py:1453: error: Unused "type: ignore" comment  [unused-ignore]
bot_handlers.py:1472: error: Unused "type: ignore" comment  [unused-ignore]
bot_handlers.py:1503: error: Unused "type: ignore" comment  [unused-ignore]
bot_handlers.py:1518: error: Unused "type: ignore" comment  [unused-ignore]
bot_handlers.py:1557: error: Unused "type: ignore" comment  [unused-ignore]
bot_handlers.py:1570: error: Unused "type: ignore" comment  [unused-ignore]
bot_handlers.py:1614: error: Unused "type: ignore" comment  [unused-ignore]
bot_handlers.py:1659: error: Unused "type: ignore" comment  [unused-ignore]
bot_handlers.py:1661: error: Unused "type: ignore" comment  [unused-ignore]
bot_handlers.py:1666: error: Unused "type: ignore" comment  [unused-ignore]
bot_handlers.py:1704: error: Unused "type: ignore" comment  [unused-ignore]
bot_handlers.py:2518: error: Argument 2 to "toggle_favorite" of "DatabaseManager" has incompatible type "Any | None"; expected "str"  [arg-type]
bot_handlers.py:2523: error: Argument 2 to "get_latest_version" of "DatabaseManager" has incompatible type "Any | None"; expected "str"  [arg-type]
bot_handlers.py:2537: error: Argument 2 to "is_favorite" of "DatabaseManager" has incompatible type "Any | None"; expected "str"  [arg-type]
bot_handlers.py:2539: error: Incompatible types in assignment (expression has type "bool | None", variable has type "bool")  [assignment]
bot_handlers.py:2576: error: Incompatible types in assignment (expression has type "bool | None", variable has type "bool")  [assignment]
bot_handlers.py:2945: error: Unused "type: ignore" comment  [unused-ignore]
bot_handlers.py:2960: error: Unused "type: ignore" comment  [unused-ignore]
batch_commands.py:222: error: Name "job" already defined on line 204  [no-redef]
batch_commands.py:352: error: Name "job" already defined on line 320  [no-redef]
main.py:50: error: Incompatible types in assignment (expression has type "None", variable has type Module)  [assignment]
main.py:53: error: Unused "type: ignore" comment  [unused-ignore]
main.py:66: error: Statement is unreachable  [unreachable]
main.py:153: error: Unused "type: ignore" comment  [unused-ignore]
main.py:192: error: Unused "type: ignore" comment  [unused-ignore]
main.py:411: error: Item "None" of "DBLike | None" has no attribute "users"  [union-attr]
main.py:3141: note: By default the bodies of untyped functions are not checked, consider using --check-untyped-defs  [annotation-unchecked]
main.py:3245: error: Incompatible types in assignment (expression has type "None", variable has type "Callable[[str, str, KwArg(Any)], None]")  [assignment]
main.py:3249: error: Statement is unreachable  [unreachable]
main.py:3260: error: Incompatible types in assignment (expression has type "None", variable has type "BackupManager")  [assignment]
main.py:3345: error: Unused "type: ignore" comment  [unused-ignore]
main.py:3346: error: Unused "type: ignore" comment  [unused-ignore]
main.py:3350: error: Unused "type: ignore" comment  [unused-ignore]
main.py:3367: error: Item "None" of "DBLike | None" has no attribute "users"  [union-attr]
main.py:3573: error: Incompatible types in assignment (expression has type "None", variable has type "BackupManager")  [assignment]
main.py:3634: error: Incompatible types in assignment (expression has type "None", variable has type "Callable[[str, str, KwArg(Any)], None]")  [assignment]
main.py:3638: error: Statement is unreachable  [unreachable]
main.py:3670: error: Incompatible types in assignment (expression has type "None", variable has type "CacheManager")  [assignment]
main.py:3674: error: Incompatible types in assignment (expression has type "None", variable has type "Callable[[], Any]")  [assignment]
main.py:3678: error: Incompatible types in assignment (expression has type "None", variable has type "AdvancedSearchEngine")  [assignment]
tmp/repro_cache_test.py:4: error: Need type annotation for "captured"  [var-annotated]
tmp/repro_cache_test.py:12: error: Incompatible types in assignment (expression has type "SimpleNamespace", target has type Module)  [assignment]
tmp/repro_cache_test.py:16: error: "__setitem__" of "dict" does not return a value (it only ever returns None)  [func-returns-value]
tmp/repro_cache_test.py:17: error: Incompatible types in assignment (expression has type "SimpleNamespace", target has type Module)  [assignment]
Found 666 errors in 67 files (checked 105 source files)
